# JRE version: Java(TM) SE Runtime Environment (10.0.1+10) (build 10.0.1+10)
# Java VM: Java HotSpot(TM) 64-Bit Server VM (10.0.1+10, mixed mode, tiered, compressed oops, g1 gc, windows-amd64)
Heap:
 garbage-first heap   total 129024K, used 29285K [0x0000000082400000, 0x0000000100000000)
  region size 1024K, 25 young (25600K), 3 survivors (3072K)
 Metaspace       used 27773K, capacity 28205K, committed 28672K, reserved 1075200K
  class space    used 3098K, capacity 3264K, committed 3328K, reserved 1048576K
GC Heap History (8 events):
Event: 0.698 GC heap before
{Heap before GC invocations=0 (full 0):
 garbage-first heap   total 129024K, used 15360K [0x0000000082400000, 0x0000000100000000)
  region size 1024K, 14 young (14336K), 0 survivors (0K)
 Metaspace       used 6783K, capacity 6900K, committed 7040K, reserved 1056768K
  class space    used 561K, capacity 600K, committed 640K, reserved 1048576K
}
Event: 0.704 GC heap after
{Heap after GC invocations=1 (full 0):
 garbage-first heap   total 129024K, used 4899K [0x0000000082400000, 0x0000000100000000)
  region size 1024K, 2 young (2048K), 2 survivors (2048K)
 Metaspace       used 6783K, capacity 6900K, committed 7040K, reserved 1056768K
  class space    used 561K, capacity 600K, committed 640K, reserved 1048576K
}
Event: 0.711 GC heap before
{Heap before GC invocations=1 (full 0):
 garbage-first heap   total 129024K, used 17187K [0x0000000082400000, 0x0000000100000000)
  region size 1024K, 14 young (14336K), 2 survivors (2048K)
 Metaspace       used 6784K, capacity 6900K, committed 7040K, reserved 1056768K
  class space    used 561K, capacity 600K, committed 640K, reserved 1048576K
}
Event: 0.714 GC heap after
{Heap after GC invocations=2 (full 0):
 garbage-first heap   total 129024K, used 4991K [0x0000000082400000, 0x0000000100000000)
  region size 1024K, 1 young (1024K), 1 survivors (1024K)
 Metaspace       used 6784K, capacity 6900K, committed 7040K, reserved 1056768K
  class space    used 561K, capacity 600K, committed 640K, reserved 1048576K
}
Event: 1.991 GC heap before
{Heap before GC invocations=2 (full 0):
 garbage-first heap   total 129024K, used 35711K [0x0000000082400000, 0x0000000100000000)
  region size 1024K, 31 young (31744K), 1 survivors (1024K)
 Metaspace       used 17242K, capacity 17524K, committed 17792K, reserved 1064960K
  class space    used 1775K, capacity 1868K, committed 1920K, reserved 1048576K
}
Event: 1.996 GC heap after
{Heap after GC invocations=3 (full 0):
 garbage-first heap   total 129024K, used 6691K [0x0000000082400000, 0x0000000100000000)
  region size 1024K, 2 young (2048K), 2 survivors (2048K)
 Metaspace       used 17242K, capacity 17524K, committed 17792K, reserved 1064960K
  class space    used 1775K, capacity 1868K, committed 1920K, reserved 1048576K
}
Event: 2.578 GC heap before
{Heap before GC invocations=3 (full 0):
 garbage-first heap   total 129024K, used 14883K [0x0000000082400000, 0x0000000100000000)
  region size 1024K, 11 young (11264K), 2 survivors (2048K)
 Metaspace       used 20739K, capacity 21060K, committed 21296K, reserved 1069056K
  class space    used 2201K, capacity 2375K, committed 2432K, reserved 1048576K
}
Event: 2.584 GC heap after
{Heap after GC invocations=4 (full 0):
 garbage-first heap   total 129024K, used 7781K [0x0000000082400000, 0x0000000100000000)
  region size 1024K, 3 young (3072K), 3 survivors (3072K)
 Metaspace       used 20739K, capacity 21060K, committed 21296K, reserved 1069056K
  class space    used 2201K, capacity 2375K, committed 2432K, reserved 1048576K
}

